<?xml version="1.0" encoding="UTF-8"?>
<!-- Generated by org.testng.reporters.JUnitReportReporter -->
<testsuite skipped="0" hostname="DESKTOP-VVSUVCJ" name="com.InetBanking.TestCases.TC_LoginTest" tests="1" failures="0" timestamp="27 Apr 2020 13:46:41 GMT" time="6.106" errors="0">
  <testcase name="LoginTest" time="6.106" classname="com.InetBanking.TestCases.TC_LoginTest"/>
</testsuite> <!-- com.InetBanking.TestCases.TC_LoginTest -->
